<?xml version="1.0" encoding="UTF-8"?>
<!-- Generated by org.testng.reporters.JUnitReportReporter -->
<testsuite skipped="0" hostname="DESKTOP-IR10F14" name="qaclickacademy.AppiumTest" tests="2" failures="0" timestamp="2021-08-26T20:17:07 IST" time="0.006" errors="0">
  <testcase name="iosApp" time="0.005" classname="qaclickacademy.AppiumTest"/>
  <system-out/>
  <testcase name="nativeAppAndroid" time="0.001" classname="qaclickacademy.AppiumTest"/>
  <system-out/>
</testsuite> <!-- qaclickacademy.AppiumTest -->
