<?xml version="1.0" encoding="UTF-8"?>
<!-- Generated by org.testng.reporters.JUnitReportReporter -->
<testsuite skipped="0" hostname="DESKTOP-IR10F14" name="qaclickacademy.SeleniumTest" tests="2" failures="0" timestamp="2021-08-26T20:17:07 IST" time="0.002" errors="0">
  <testcase name="elementsUI" time="0.001" classname="qaclickacademy.SeleniumTest"/>
  <system-out/>
  <testcase name="BrowserAUtomation" time="0.001" classname="qaclickacademy.SeleniumTest"/>
  <system-out/>
</testsuite> <!-- qaclickacademy.SeleniumTest -->
