<?xml version="1.0" encoding="UTF-8"?>
<!-- Generated by org.testng.reporters.JUnitReportReporter -->
<testsuite skipped="0" hostname="DESKTOP-IR10F14" name="qaclickacademy.RESTAPITest" tests="2" failures="0" timestamp="2021-08-26T20:16:53 IST" time="0.000" errors="0">
  <testcase name="deleteTwitter" time="0.000" classname="qaclickacademy.RESTAPITest"/>
  <system-out/>
  <testcase name="PostJIRA" time="0.000" classname="qaclickacademy.RESTAPITest"/>
  <system-out/>
</testsuite> <!-- qaclickacademy.RESTAPITest -->
